<?xml version="1.0" encoding="UTF-8"?>
<testng-results skipped="2" failed="0" ignored="0" total="6" passed="4">
  <reporter-output>
    <line>
      <![CDATA[<div "result">I log on to website www.ebay.in (PASSED : 0s)</div>]]>
    </line>
    <line>
      <![CDATA[<div "result">I search for shirts (PASSED : 0s)</div>]]>
    </line>
    <line>
      <![CDATA[<div "result">I add a shirt in cart (PASSED : 0s)</div>]]>
    </line>
    <line>
      <![CDATA[<div "result">The cart item count should increase (PASSED : 0s)</div>]]>
    </line>
    <line>
      <![CDATA[<div "result">I want to write a step with name1 (UNDEFINED)</div>]]>
    </line>
    <line>
      <![CDATA[<div "result">I check for the 5 in step (UNDEFINED)</div>]]>
    </line>
    <line>
      <![CDATA[<div "result">I verify the success in step (UNDEFINED)</div>]]>
    </line>
    <line>
      <![CDATA[<div "result">I want to write a step with name2 (UNDEFINED)</div>]]>
    </line>
    <line>
      <![CDATA[<div "result">I check for the 7 in step (UNDEFINED)</div>]]>
    </line>
    <line>
      <![CDATA[<div "result">I verify the Fail in step (UNDEFINED)</div>]]>
    </line>
    <line>
      <![CDATA[<div "result">I live in Delhi (PASSED : 0s)</div>]]>
    </line>
    <line>
      <![CDATA[<div "result">I want to go on a holiday (PASSED : 0s)</div>]]>
    </line>
    <line>
      <![CDATA[<div "result">We are 3 adults (PASSED : 0s)</div>]]>
    </line>
    <line>
      <![CDATA[<div "result">We want to book from 10th Feb 2020 to 20th Feb 2020 (PASSED : 0s)</div>]]>
    </line>
    <line>
      <![CDATA[<div "result">I go to Travel Website (PASSED : 0s)</div>]]>
    </line>
    <line>
      <![CDATA[<div "result">I should be able to book both hotel in budget of 10000 INR per head (PASSED : 0s)</div>]]>
    </line>
    <line>
      <![CDATA[<div "result">I should be able to exercise Cancel option (PASSED : 0s)</div>]]>
    </line>
    <line>
      <![CDATA[<div "result">I should not be asked for advance more than 5000 INR per head in case I want to book in advance (PASSED : 0s)</div>]]>
    </line>
    <line>
      <![CDATA[<div "result">I live in Delhi (PASSED : 0s)</div>]]>
    </line>
    <line>
      <![CDATA[<div "result">I want to go on a holiday (PASSED : 0s)</div>]]>
    </line>
    <line>
      <![CDATA[<div "result">We are 3 adults (PASSED : 0s)</div>]]>
    </line>
    <line>
      <![CDATA[<div "result">We want to book flight to Malaysia on 9th Feb 2020 (PASSED : 0s)</div>]]>
    </line>
    <line>
      <![CDATA[<div "result">return flight on 20th Feb 2020 (PASSED : 0s)</div>]]>
    </line>
    <line>
      <![CDATA[<div "result">I live in Delhi (PASSED : 0s)</div>]]>
    </line>
    <line>
      <![CDATA[<div "result">I want to go on a holiday (PASSED : 0s)</div>]]>
    </line>
    <line>
      <![CDATA[<div "result">We are 3 adults (PASSED : 0s)</div>]]>
    </line>
    <line>
      <![CDATA[<div "result">We want to book flight to Penang on 1st Mar 2020 (PASSED : 0s)</div>]]>
    </line>
    <line>
      <![CDATA[<div "result">return flight on 10th Mar 2020 (PASSED : 0s)</div>]]>
    </line>
  </reporter-output>
  <suite name="Default suite" duration-ms="1885" started-at="2020-01-24T19:13:35 IST" finished-at="2020-01-24T19:13:37 IST">
    <groups>
      <group name="cucumber">
        <method signature="AbstractTestNGCucumberTests.runScenario(cucumber.api.testng.PickleEventWrapper, cucumber.api.testng.CucumberFeatureWrapper)[pri:0, instance:stepdefinitionpackage.MyTestNGRunner@78e67e0a]" name="runScenario" class="cucumber.api.testng.AbstractTestNGCucumberTests"/>
      </group> <!-- cucumber -->
    </groups>
    <test name="Default test" duration-ms="1885" started-at="2020-01-24T19:13:35 IST" finished-at="2020-01-24T19:13:37 IST">
      <class name="stepdefinitionpackage.MyTestNGRunner">
        <test-method status="PASS" signature="setUpClass()[pri:0, instance:stepdefinitionpackage.MyTestNGRunner@78e67e0a]" name="setUpClass" is-config="true" duration-ms="393" started-at="2020-01-24T19:13:35 IST" finished-at="2020-01-24T19:13:35 IST">
          <reporter-output>
          </reporter-output>
        </test-method> <!-- setUpClass -->
        <test-method status="PASS" signature="runScenario(cucumber.api.testng.PickleEventWrapper, cucumber.api.testng.CucumberFeatureWrapper)[pri:0, instance:stepdefinitionpackage.MyTestNGRunner@78e67e0a]" name="runScenario" duration-ms="1092" started-at="2020-01-24T19:13:35 IST" description="Runs Cucumber Scenarios" data-provider="scenarios" finished-at="2020-01-24T19:13:37 IST">
          <params>
            <param index="0">
              <value>
                <![CDATA["Title of your scenario"]]>
              </value>
            </param>
            <param index="1">
              <value>
                <![CDATA["I want to do online shopping"]]>
              </value>
            </param>
          </params>
          <reporter-output>
            <line>
              <![CDATA[<div "result">I log on to website www.ebay.in (PASSED : 0s)</div>]]>
            </line>
            <line>
              <![CDATA[<div "result">I search for shirts (PASSED : 0s)</div>]]>
            </line>
            <line>
              <![CDATA[<div "result">I add a shirt in cart (PASSED : 0s)</div>]]>
            </line>
            <line>
              <![CDATA[<div "result">The cart item count should increase (PASSED : 0s)</div>]]>
            </line>
          </reporter-output>
        </test-method> <!-- runScenario -->
        <test-method status="SKIP" signature="runScenario(cucumber.api.testng.PickleEventWrapper, cucumber.api.testng.CucumberFeatureWrapper)[pri:0, instance:stepdefinitionpackage.MyTestNGRunner@78e67e0a]" name="runScenario" duration-ms="47" started-at="2020-01-24T19:13:37 IST" description="Runs Cucumber Scenarios" data-provider="scenarios" finished-at="2020-01-24T19:13:37 IST">
          <params>
            <param index="0">
              <value>
                <![CDATA["Title of your scenario outline"]]>
              </value>
            </param>
            <param index="1">
              <value>
                <![CDATA["I want to do online shopping"]]>
              </value>
            </param>
          </params>
          <exception class="org.testng.SkipException">
            <message>
              <![CDATA[There are undefined steps]]>
            </message>
            <full-stacktrace>
              <![CDATA[org.testng.SkipException: There are undefined steps
at cucumber.api.testng.TestCaseResultListener.getError(TestCaseResultListener.java:58)
at cucumber.api.testng.TestNGCucumberRunner.runScenario(TestNGCucumberRunner.java:59)
at cucumber.api.testng.AbstractTestNGCucumberTests.runScenario(AbstractTestNGCucumberTests.java:22)
at sun.reflect.NativeMethodAccessorImpl.invoke0(Native Method)
at sun.reflect.NativeMethodAccessorImpl.invoke(Unknown Source)
at sun.reflect.DelegatingMethodAccessorImpl.invoke(Unknown Source)
at java.lang.reflect.Method.invoke(Unknown Source)
at org.testng.internal.MethodInvocationHelper.invokeMethod(MethodInvocationHelper.java:133)
at org.testng.internal.TestInvoker.invokeMethod(TestInvoker.java:584)
at org.testng.internal.TestInvoker.invokeTestMethod(TestInvoker.java:172)
at org.testng.internal.MethodRunner.runInSequence(MethodRunner.java:46)
at org.testng.internal.TestInvoker$MethodInvocationAgent.invoke(TestInvoker.java:804)
at org.testng.internal.TestInvoker.invokeTestMethods(TestInvoker.java:145)
at org.testng.internal.TestMethodWorker.invokeTestMethods(TestMethodWorker.java:146)
at org.testng.internal.TestMethodWorker.run(TestMethodWorker.java:128)
at java.util.ArrayList.forEach(Unknown Source)
at org.testng.TestRunner.privateRun(TestRunner.java:770)
at org.testng.TestRunner.run(TestRunner.java:591)
at org.testng.SuiteRunner.runTest(SuiteRunner.java:402)
at org.testng.SuiteRunner.runSequentially(SuiteRunner.java:396)
at org.testng.SuiteRunner.privateRun(SuiteRunner.java:355)
at org.testng.SuiteRunner.run(SuiteRunner.java:304)
at org.testng.SuiteRunnerWorker.runSuite(SuiteRunnerWorker.java:53)
at org.testng.SuiteRunnerWorker.run(SuiteRunnerWorker.java:96)
at org.testng.TestNG.runSuitesSequentially(TestNG.java:1180)
at org.testng.TestNG.runSuitesLocally(TestNG.java:1102)
at org.testng.TestNG.runSuites(TestNG.java:1032)
at org.testng.TestNG.run(TestNG.java:1000)
at org.testng.remote.AbstractRemoteTestNG.run(AbstractRemoteTestNG.java:115)
at org.testng.remote.RemoteTestNG.initAndRun(RemoteTestNG.java:251)
at org.testng.remote.RemoteTestNG.main(RemoteTestNG.java:77)
]]>
            </full-stacktrace>
          </exception> <!-- org.testng.SkipException -->
          <reporter-output>
            <line>
              <![CDATA[<div "result">I want to write a step with name1 (UNDEFINED)</div>]]>
            </line>
            <line>
              <![CDATA[<div "result">I check for the 5 in step (UNDEFINED)</div>]]>
            </line>
            <line>
              <![CDATA[<div "result">I verify the success in step (UNDEFINED)</div>]]>
            </line>
          </reporter-output>
        </test-method> <!-- runScenario -->
        <test-method status="SKIP" signature="runScenario(cucumber.api.testng.PickleEventWrapper, cucumber.api.testng.CucumberFeatureWrapper)[pri:0, instance:stepdefinitionpackage.MyTestNGRunner@78e67e0a]" name="runScenario" duration-ms="12" started-at="2020-01-24T19:13:37 IST" description="Runs Cucumber Scenarios" data-provider="scenarios" finished-at="2020-01-24T19:13:37 IST">
          <params>
            <param index="0">
              <value>
                <![CDATA["Title of your scenario outline"]]>
              </value>
            </param>
            <param index="1">
              <value>
                <![CDATA["I want to do online shopping"]]>
              </value>
            </param>
          </params>
          <exception class="org.testng.SkipException">
            <message>
              <![CDATA[There are undefined steps]]>
            </message>
            <full-stacktrace>
              <![CDATA[org.testng.SkipException: There are undefined steps
at cucumber.api.testng.TestCaseResultListener.getError(TestCaseResultListener.java:58)
at cucumber.api.testng.TestNGCucumberRunner.runScenario(TestNGCucumberRunner.java:59)
at cucumber.api.testng.AbstractTestNGCucumberTests.runScenario(AbstractTestNGCucumberTests.java:22)
at sun.reflect.NativeMethodAccessorImpl.invoke0(Native Method)
at sun.reflect.NativeMethodAccessorImpl.invoke(Unknown Source)
at sun.reflect.DelegatingMethodAccessorImpl.invoke(Unknown Source)
at java.lang.reflect.Method.invoke(Unknown Source)
at org.testng.internal.MethodInvocationHelper.invokeMethod(MethodInvocationHelper.java:133)
at org.testng.internal.TestInvoker.invokeMethod(TestInvoker.java:584)
at org.testng.internal.TestInvoker.invokeTestMethod(TestInvoker.java:172)
at org.testng.internal.MethodRunner.runInSequence(MethodRunner.java:46)
at org.testng.internal.TestInvoker$MethodInvocationAgent.invoke(TestInvoker.java:804)
at org.testng.internal.TestInvoker.invokeTestMethods(TestInvoker.java:145)
at org.testng.internal.TestMethodWorker.invokeTestMethods(TestMethodWorker.java:146)
at org.testng.internal.TestMethodWorker.run(TestMethodWorker.java:128)
at java.util.ArrayList.forEach(Unknown Source)
at org.testng.TestRunner.privateRun(TestRunner.java:770)
at org.testng.TestRunner.run(TestRunner.java:591)
at org.testng.SuiteRunner.runTest(SuiteRunner.java:402)
at org.testng.SuiteRunner.runSequentially(SuiteRunner.java:396)
at org.testng.SuiteRunner.privateRun(SuiteRunner.java:355)
at org.testng.SuiteRunner.run(SuiteRunner.java:304)
at org.testng.SuiteRunnerWorker.runSuite(SuiteRunnerWorker.java:53)
at org.testng.SuiteRunnerWorker.run(SuiteRunnerWorker.java:96)
at org.testng.TestNG.runSuitesSequentially(TestNG.java:1180)
at org.testng.TestNG.runSuitesLocally(TestNG.java:1102)
at org.testng.TestNG.runSuites(TestNG.java:1032)
at org.testng.TestNG.run(TestNG.java:1000)
at org.testng.remote.AbstractRemoteTestNG.run(AbstractRemoteTestNG.java:115)
at org.testng.remote.RemoteTestNG.initAndRun(RemoteTestNG.java:251)
at org.testng.remote.RemoteTestNG.main(RemoteTestNG.java:77)
]]>
            </full-stacktrace>
          </exception> <!-- org.testng.SkipException -->
          <reporter-output>
            <line>
              <![CDATA[<div "result">I want to write a step with name2 (UNDEFINED)</div>]]>
            </line>
            <line>
              <![CDATA[<div "result">I check for the 7 in step (UNDEFINED)</div>]]>
            </line>
            <line>
              <![CDATA[<div "result">I verify the Fail in step (UNDEFINED)</div>]]>
            </line>
          </reporter-output>
        </test-method> <!-- runScenario -->
        <test-method status="PASS" signature="runScenario(cucumber.api.testng.PickleEventWrapper, cucumber.api.testng.CucumberFeatureWrapper)[pri:0, instance:stepdefinitionpackage.MyTestNGRunner@78e67e0a]" name="runScenario" duration-ms="32" started-at="2020-01-24T19:13:37 IST" description="Runs Cucumber Scenarios" data-provider="scenarios" finished-at="2020-01-24T19:13:37 IST">
          <params>
            <param index="0">
              <value>
                <![CDATA["I want to book hotel"]]>
              </value>
            </param>
            <param index="1">
              <value>
                <![CDATA["Title of your feature"]]>
              </value>
            </param>
          </params>
          <reporter-output>
            <line>
              <![CDATA[<div "result">I live in Delhi (PASSED : 0s)</div>]]>
            </line>
            <line>
              <![CDATA[<div "result">I want to go on a holiday (PASSED : 0s)</div>]]>
            </line>
            <line>
              <![CDATA[<div "result">We are 3 adults (PASSED : 0s)</div>]]>
            </line>
            <line>
              <![CDATA[<div "result">We want to book from 10th Feb 2020 to 20th Feb 2020 (PASSED : 0s)</div>]]>
            </line>
            <line>
              <![CDATA[<div "result">I go to Travel Website (PASSED : 0s)</div>]]>
            </line>
            <line>
              <![CDATA[<div "result">I should be able to book both hotel in budget of 10000 INR per head (PASSED : 0s)</div>]]>
            </line>
            <line>
              <![CDATA[<div "result">I should be able to exercise Cancel option (PASSED : 0s)</div>]]>
            </line>
            <line>
              <![CDATA[<div "result">I should not be asked for advance more than 5000 INR per head in case I want to book in advance (PASSED : 0s)</div>]]>
            </line>
          </reporter-output>
        </test-method> <!-- runScenario -->
        <test-method status="PASS" signature="runScenario(cucumber.api.testng.PickleEventWrapper, cucumber.api.testng.CucumberFeatureWrapper)[pri:0, instance:stepdefinitionpackage.MyTestNGRunner@78e67e0a]" name="runScenario" duration-ms="16" started-at="2020-01-24T19:13:37 IST" description="Runs Cucumber Scenarios" data-provider="scenarios" finished-at="2020-01-24T19:13:37 IST">
          <params>
            <param index="0">
              <value>
                <![CDATA["I want to book flight"]]>
              </value>
            </param>
            <param index="1">
              <value>
                <![CDATA["Title of your feature"]]>
              </value>
            </param>
          </params>
          <reporter-output>
            <line>
              <![CDATA[<div "result">I live in Delhi (PASSED : 0s)</div>]]>
            </line>
            <line>
              <![CDATA[<div "result">I want to go on a holiday (PASSED : 0s)</div>]]>
            </line>
            <line>
              <![CDATA[<div "result">We are 3 adults (PASSED : 0s)</div>]]>
            </line>
            <line>
              <![CDATA[<div "result">We want to book flight to Malaysia on 9th Feb 2020 (PASSED : 0s)</div>]]>
            </line>
            <line>
              <![CDATA[<div "result">return flight on 20th Feb 2020 (PASSED : 0s)</div>]]>
            </line>
          </reporter-output>
        </test-method> <!-- runScenario -->
        <test-method status="PASS" signature="runScenario(cucumber.api.testng.PickleEventWrapper, cucumber.api.testng.CucumberFeatureWrapper)[pri:0, instance:stepdefinitionpackage.MyTestNGRunner@78e67e0a]" name="runScenario" duration-ms="16" started-at="2020-01-24T19:13:37 IST" description="Runs Cucumber Scenarios" data-provider="scenarios" finished-at="2020-01-24T19:13:37 IST">
          <params>
            <param index="0">
              <value>
                <![CDATA["I want to book flight"]]>
              </value>
            </param>
            <param index="1">
              <value>
                <![CDATA["Title of your feature"]]>
              </value>
            </param>
          </params>
          <reporter-output>
            <line>
              <![CDATA[<div "result">I live in Delhi (PASSED : 0s)</div>]]>
            </line>
            <line>
              <![CDATA[<div "result">I want to go on a holiday (PASSED : 0s)</div>]]>
            </line>
            <line>
              <![CDATA[<div "result">We are 3 adults (PASSED : 0s)</div>]]>
            </line>
            <line>
              <![CDATA[<div "result">We want to book flight to Penang on 1st Mar 2020 (PASSED : 0s)</div>]]>
            </line>
            <line>
              <![CDATA[<div "result">return flight on 10th Mar 2020 (PASSED : 0s)</div>]]>
            </line>
          </reporter-output>
        </test-method> <!-- runScenario -->
        <test-method status="PASS" signature="tearDownClass()[pri:0, instance:stepdefinitionpackage.MyTestNGRunner@78e67e0a]" name="tearDownClass" is-config="true" duration-ms="28" started-at="2020-01-24T19:13:37 IST" finished-at="2020-01-24T19:13:37 IST">
          <reporter-output>
          </reporter-output>
        </test-method> <!-- tearDownClass -->
      </class> <!-- stepdefinitionpackage.MyTestNGRunner -->
    </test> <!-- Default test -->
  </suite> <!-- Default suite -->
</testng-results>
